
 /----------------------------------------------------------------------------\
 |  yosys -- Yosys Open SYnthesis Suite                                       |
 |  Copyright (C) 2012 - 2025  Claire Xenia Wolf <claire@yosyshq.com>         |
 |  Distributed under an ISC-like license, type "license" to see terms        |
 \----------------------------------------------------------------------------/
 Yosys 0.56 (git sha1 9c447ad9d4b1ea589369364eea38b4d70da2c599, x86_64-w64-mingw32-g++ 16.1.0 -march=nocona -msahf -mtune=generic -O2 -fstack-protector-strong -O3)

-- Executing script file `../model/design.ys' --

1. Executing Verilog-2005 frontend: gf_pkg.sv
Parsing SystemVerilog input from `gf_pkg.sv' to AST representation.
Successfully finished Verilog frontend.

2. Executing Verilog-2005 frontend: gf_fifo.sv
Parsing SystemVerilog input from `gf_fifo.sv' to AST representation.
Storing AST representation for module `$abstract\gf_fifo'.
Successfully finished Verilog frontend.

3. Executing Verilog-2005 frontend: gf_mont_mult.sv
Parsing SystemVerilog input from `gf_mont_mult.sv' to AST representation.
Storing AST representation for module `$abstract\gf_mont_mult'.
Successfully finished Verilog frontend.

4. Executing Verilog-2005 frontend: gf_montgomery_cluster.sv
Parsing SystemVerilog input from `gf_montgomery_cluster.sv' to AST representation.
gf_montgomery_cluster.sv:29: ERROR: syntax error, unexpected '[', expecting ',' or '=' or ')'
