
 /----------------------------------------------------------------------------\
 |  yosys -- Yosys Open SYnthesis Suite                                       |
 |  Copyright (C) 2012 - 2025  Claire Xenia Wolf <claire@yosyshq.com>         |
 |  Distributed under an ISC-like license, type "license" to see terms        |
 \----------------------------------------------------------------------------/
 Yosys 0.56 (git sha1 9c447ad9d4b1ea589369364eea38b4d70da2c599, x86_64-w64-mingw32-g++ 16.1.0 -march=nocona -msahf -mtune=generic -O2 -fstack-protector-strong -O3)

-- Executing script file `../model/design.ys' --

1. Executing Verilog-2005 frontend: gf_pkg.sv
Parsing SystemVerilog input from `gf_pkg.sv' to AST representation.
Successfully finished Verilog frontend.

2. Executing Verilog-2005 frontend: gf_fifo.sv
Parsing SystemVerilog input from `gf_fifo.sv' to AST representation.
Storing AST representation for module `$abstract\gf_fifo'.
Successfully finished Verilog frontend.

3. Executing PREP pass.

3.1. Executing HIERARCHY pass (managing design hierarchy).

3.2. Executing AST frontend in derive mode using pre-parsed AST for module `\gf_fifo'.
Generating RTLIL representation for module `\gf_fifo'.
Warning: Replacing memory \mem with list of registers. See gf_fifo.sv:45

3.2.1. Analyzing design hierarchy..
Top module:  \gf_fifo

3.2.2. Analyzing design hierarchy..
Top module:  \gf_fifo
Removing unused module `$abstract\gf_fifo'.
Removed 1 unused modules.

3.3. Executing PROC pass (convert processes to netlists).

3.3.1. Executing PROC_CLEAN pass (remove empty switches from decision trees).
Cleaned up 0 empty switches.

3.3.2. Executing PROC_RMDEAD pass (remove dead branches from decision trees).
Removed 1 dead cases from process $proc$gf_fifo.sv:0$23 in module gf_fifo.
Marked 1 switch rules as full_case in process $proc$gf_fifo.sv:0$23 in module gf_fifo.
Marked 3 switch rules as full_case in process $proc$gf_fifo.sv:38$7 in module gf_fifo.
Removed a total of 1 dead cases.

3.3.3. Executing PROC_PRUNE pass (remove redundant assignments in processes).
Removed 0 redundant assignments.
Promoted 3 assignments to connections.

3.3.4. Executing PROC_INIT pass (extract init attributes).

3.3.5. Executing PROC_ARST pass (detect async resets in processes).
Found async reset \rst_ni in `\gf_fifo.$proc$gf_fifo.sv:38$7'.

3.3.6. Executing PROC_ROM pass (convert switches to ROMs).
Converted 0 switches.
<suppressed ~5 debug messages>

3.3.7. Executing PROC_MUX pass (convert decision trees to multiplexers).
Creating decoders for process `\gf_fifo.$proc$gf_fifo.sv:0$23'.
     1/1: $1$mem2reg_rd$\mem$gf_fifo.sv:35$1_DATA[31:0]$25
Creating decoders for process `\gf_fifo.$proc$gf_fifo.sv:38$7'.
     1/11: $2$mem2reg_wr$\mem$gf_fifo.sv:45$2_ADDR[1:0]$13
     2/11: $2$mem2reg_wr$\mem$gf_fifo.sv:45$2_DATA[31:0]$14
     3/11: $1$mem2reg_wr$\mem$gf_fifo.sv:45$2_DATA[31:0]$12
     4/11: $1$mem2reg_wr$\mem$gf_fifo.sv:45$2_ADDR[1:0]$11
     5/11: $0\mem[3][31:0]
     6/11: $0\mem[2][31:0]
     7/11: $0\mem[1][31:0]
     8/11: $0\mem[0][31:0]
     9/11: $0\cnt_q[2:0]
    10/11: $0\rptr_q[1:0]
    11/11: $0\wptr_q[1:0]

3.3.8. Executing PROC_DLATCH pass (convert process syncs to latches).
No latch inferred for signal `\gf_fifo.$mem2reg_rd$\mem$gf_fifo.sv:35$1_DATA' from process `\gf_fifo.$proc$gf_fifo.sv:0$23'.

3.3.9. Executing PROC_DFF pass (convert process syncs to FFs).
Creating register for signal `\gf_fifo.\wptr_q' using process `\gf_fifo.$proc$gf_fifo.sv:38$7'.
  created $adff cell `$procdff$76' with positive edge clock and positive level reset.
Creating register for signal `\gf_fifo.\rptr_q' using process `\gf_fifo.$proc$gf_fifo.sv:38$7'.
  created $adff cell `$procdff$81' with positive edge clock and positive level reset.
Creating register for signal `\gf_fifo.\cnt_q' using process `\gf_fifo.$proc$gf_fifo.sv:38$7'.
  created $adff cell `$procdff$86' with positive edge clock and positive level reset.
Creating register for signal `\gf_fifo.\mem[0]' using process `\gf_fifo.$proc$gf_fifo.sv:38$7'.
  created $dff cell `$procdff$93' with positive edge clock.
Creating register for signal `\gf_fifo.\mem[1]' using process `\gf_fifo.$proc$gf_fifo.sv:38$7'.
  created $dff cell `$procdff$100' with positive edge clock.
Creating register for signal `\gf_fifo.\mem[2]' using process `\gf_fifo.$proc$gf_fifo.sv:38$7'.
  created $dff cell `$procdff$107' with positive edge clock.
Creating register for signal `\gf_fifo.\mem[3]' using process `\gf_fifo.$proc$gf_fifo.sv:38$7'.
  created $dff cell `$procdff$114' with positive edge clock.
Creating register for signal `\gf_fifo.$mem2reg_wr$\mem$gf_fifo.sv:45$2_ADDR' using process `\gf_fifo.$proc$gf_fifo.sv:38$7'.
  created $adff cell `$procdff$119' with positive edge clock and positive level reset.
Creating register for signal `\gf_fifo.$mem2reg_wr$\mem$gf_fifo.sv:45$2_DATA' using process `\gf_fifo.$proc$gf_fifo.sv:38$7'.
  created $adff cell `$procdff$124' with positive edge clock and positive level reset.

3.3.10. Executing PROC_MEMWR pass (convert process memory writes to cells).

3.3.11. Executing PROC_CLEAN pass (remove empty switches from decision trees).
Found and cleaned up 1 empty switch in `\gf_fifo.$proc$gf_fifo.sv:0$23'.
Removing empty process `gf_fifo.$proc$gf_fifo.sv:0$23'.
Found and cleaned up 4 empty switches in `\gf_fifo.$proc$gf_fifo.sv:38$7'.
Removing empty process `gf_fifo.$proc$gf_fifo.sv:38$7'.
Cleaned up 5 empty switches.

3.3.12. Executing OPT_EXPR pass (perform const folding).
Optimizing module gf_fifo.
<suppressed ~21 debug messages>

3.4. Executing FUTURE pass.

3.5. Executing OPT_EXPR pass (perform const folding).
Optimizing module gf_fifo.

3.6. Executing OPT_CLEAN pass (remove unused cells and wires).
Finding unused cells or wires in module \gf_fifo..
Removed 14 unused cells and 53 unused wires.
<suppressed ~15 debug messages>

3.7. Executing CHECK pass (checking for obvious problems).
Checking module gf_fifo...
Found and reported 0 problems.

3.8. Executing OPT pass (performing simple optimizations).

3.8.1. Executing OPT_EXPR pass (perform const folding).
Optimizing module gf_fifo.

3.8.2. Executing OPT_MERGE pass (detect identical cells).
Finding identical cells in module `\gf_fifo'.
<suppressed ~6 debug messages>
Removed a total of 2 cells.

3.8.3. Executing OPT_MUXTREE pass (detect dead branches in mux trees).
Running muxtree optimizer on module \gf_fifo..
  Creating internal representation of mux trees.
  Evaluating internal representation of mux trees.
  Analyzing evaluation results.
Removed 0 multiplexer ports.
<suppressed ~8 debug messages>

3.8.4. Executing OPT_REDUCE pass (consolidate $*mux and $reduce_* inputs).
  Optimizing cells in module \gf_fifo.
Performed a total of 0 changes.

3.8.5. Executing OPT_MERGE pass (detect identical cells).
Finding identical cells in module `\gf_fifo'.
Removed a total of 0 cells.

3.8.6. Executing OPT_CLEAN pass (remove unused cells and wires).
Finding unused cells or wires in module \gf_fifo..
Removed 0 unused cells and 2 unused wires.
<suppressed ~1 debug messages>

3.8.7. Executing OPT_EXPR pass (perform const folding).
Optimizing module gf_fifo.

3.8.8. Rerunning OPT passes. (Maybe there is more to do..)

3.8.9. Executing OPT_MUXTREE pass (detect dead branches in mux trees).
Running muxtree optimizer on module \gf_fifo..
  Creating internal representation of mux trees.
  Evaluating internal representation of mux trees.
  Analyzing evaluation results.
Removed 0 multiplexer ports.
<suppressed ~8 debug messages>

3.8.10. Executing OPT_REDUCE pass (consolidate $*mux and $reduce_* inputs).
  Optimizing cells in module \gf_fifo.
Performed a total of 0 changes.

3.8.11. Executing OPT_MERGE pass (detect identical cells).
Finding identical cells in module `\gf_fifo'.
Removed a total of 0 cells.

3.8.12. Executing OPT_CLEAN pass (remove unused cells and wires).
Finding unused cells or wires in module \gf_fifo..

3.8.13. Executing OPT_EXPR pass (perform const folding).
Optimizing module gf_fifo.

3.8.14. Finished OPT passes. (There is nothing left to do.)

3.9. Executing WREDUCE pass (reducing word size of cells).
Removed top 1 bits (of 2) from port B of cell gf_fifo.$procmux$29_CMP0 ($eq).
Removed top 1 bits (of 2) from port B of cell gf_fifo.$procmux$52_CMP0 ($eq).
Removed top 1 bits (of 2) from port B of cell gf_fifo.$procmux$65_CMP0 ($eq).

3.10. Executing OPT_CLEAN pass (remove unused cells and wires).
Finding unused cells or wires in module \gf_fifo..

3.11. Executing MEMORY_COLLECT pass (generating $mem cells).

3.12. Executing OPT pass (performing simple optimizations).

3.12.1. Executing OPT_EXPR pass (perform const folding).
Optimizing module gf_fifo.

3.12.2. Executing OPT_MERGE pass (detect identical cells).
Finding identical cells in module `\gf_fifo'.
Removed a total of 0 cells.

3.12.3. Executing OPT_CLEAN pass (remove unused cells and wires).
Finding unused cells or wires in module \gf_fifo..

3.12.4. Finished fast OPT passes.

3.13. Printing statistics.

=== gf_fifo ===

   Number of wires:                 49
   Number of wire bits:            625
   Number of public wires:          18
   Number of public wire bits:     210
   Number of ports:                  9
   Number of port bits:             73
   Number of memories:               0
   Number of memory bits:            0
   Number of processes:              0
   Number of cells:                 43
     $add                            3
     $adff                           3
     $dff                            4
     $eq                             8
     $logic_and                      2
     $logic_not                      2
     $mux                           16
     $ne                             1
     $pmux                           2
     $reduce_bool                    1
     $sub                            1

3.14. Executing CHECK pass (checking for obvious problems).
Checking module gf_fifo...
Found and reported 0 problems.

4. Executing HIERARCHY pass (managing design hierarchy).
Attribute `top' found on module `gf_fifo'. Setting top module to gf_fifo.

4.1. Analyzing design hierarchy..
Top module:  \gf_fifo

4.2. Analyzing design hierarchy..
Top module:  \gf_fifo
Removed 0 unused modules.

5. Executing jny backend.

6. Executing RTLIL backend.
Output filename: ../model/design.il

Warnings: 1 unique messages, 1 total
End of script. Logfile hash: 3c10ecb4ea
Yosys 0.56 (git sha1 9c447ad9d4b1ea589369364eea38b4d70da2c599, x86_64-w64-mingw32-g++ 16.1.0 -march=nocona -msahf -mtune=generic -O2 -fstack-protector-strong -O3)
Time spent: 3% 6x opt_expr (0 sec), 3% 5x opt_clean (0 sec), ...
