
 /----------------------------------------------------------------------------\
 |  yosys -- Yosys Open SYnthesis Suite                                       |
 |  Copyright (C) 2012 - 2025  Claire Xenia Wolf <claire@yosyshq.com>         |
 |  Distributed under an ISC-like license, type "license" to see terms        |
 \----------------------------------------------------------------------------/
 Yosys 0.56 (git sha1 9c447ad9d4b1ea589369364eea38b4d70da2c599, x86_64-w64-mingw32-g++ 16.1.0 -march=nocona -msahf -mtune=generic -O2 -fstack-protector-strong -O3)

-- Executing script file `design_smt2.ys' --

1. Executing RTLIL frontend.
Input filename: design_prep.il

2. Executing HIERARCHY pass (managing design hierarchy).
Attribute `top' found on module `gf_fifo'. Setting top module to gf_fifo.

2.1. Analyzing design hierarchy..
Top module:  \gf_fifo

2.2. Analyzing design hierarchy..
Top module:  \gf_fifo
Removed 0 unused modules.

3. Executing FORMALFF pass.

4. Executing DFFUNMAP pass (unmap clock enable and synchronous reset from FFs).

5. Printing statistics.

=== gf_fifo ===

   Number of wires:                 74
   Number of wire bits:            945
   Number of public wires:          19
   Number of public wire bits:     242
   Number of ports:                  9
   Number of port bits:             73
   Number of memories:               0
   Number of memory bits:            0
   Number of processes:              0
   Number of cells:                 68
     $add                            3
     $anyinit                        7
     $anyseq                         1
     $eq                             8
     $eqx                            1
     $ff                             9
     $logic_and                      2
     $logic_not                      2
     $mux                           29
     $ne                             1
     $not                            1
     $pmux                           2
     $reduce_bool                    1
     $sub                            1

6. Executing SMT2 backend.

6.1. Executing BMUXMAP pass.

6.2. Executing DEMUXMAP pass.
Creating SMT-LIBv2 representation of module gf_fifo.

End of script. Logfile hash: 0fbea9377d
Yosys 0.56 (git sha1 9c447ad9d4b1ea589369364eea38b4d70da2c599, x86_64-w64-mingw32-g++ 16.1.0 -march=nocona -msahf -mtune=generic -O2 -fstack-protector-strong -O3)
Time spent: 11% 2x write_smt2 (0 sec), 11% 2x read_rtlil (0 sec), ...
